[debug] [2024-12-31T20:05:04.020Z] ----------------------------------------------------------------------
[debug] [2024-12-31T20:05:04.022Z] Command:       /usr/local/share/nvm/versions/node/v20.18.1/bin/node /home/codespace/nvm/current/bin/firebase deploy
[debug] [2024-12-31T20:05:04.022Z] CLI Version:   13.29.1
[debug] [2024-12-31T20:05:04.022Z] Platform:      linux
[debug] [2024-12-31T20:05:04.022Z] Node Version:  v20.18.1
[debug] [2024-12-31T20:05:04.022Z] Time:          Tue Dec 31 2024 20:05:04 GMT+0000 (Coordinated Universal Time)
[debug] [2024-12-31T20:05:04.022Z] Env Overrides: GITHUB_API_URL, GITHUB_API_URL
[debug] [2024-12-31T20:05:04.022Z] ----------------------------------------------------------------------
[debug] 
[debug] [2024-12-31T20:05:04.024Z] >>> [apiv2][query] GET https://firebase-public.firebaseio.com/cli.json [none]
[debug] [2024-12-31T20:05:04.114Z] > command requires scopes: ["email","openid","https://www.googleapis.com/auth/cloudplatformprojects.readonly","https://www.googleapis.com/auth/firebase","https://www.googleapis.com/auth/cloud-platform"]
[debug] [2024-12-31T20:05:04.114Z] > authorizing via signed-in user (askanglequest@gmail.com)
[debug] [2024-12-31T20:05:04.115Z] [iam] checking project anglequest-dev-server for permissions ["firebase.projects.get","firebasehosting.sites.update"]
[debug] [2024-12-31T20:05:04.115Z] Checked if tokens are valid: false, expires at: 1735637129639
[debug] [2024-12-31T20:05:04.115Z] Checked if tokens are valid: false, expires at: 1735637129639
[debug] [2024-12-31T20:05:04.115Z] > refreshing access token with scopes: []
[debug] [2024-12-31T20:05:04.116Z] >>> [apiv2][query] POST https://www.googleapis.com/oauth2/v3/token [none]
[debug] [2024-12-31T20:05:04.116Z] >>> [apiv2][body] POST https://www.googleapis.com/oauth2/v3/token [omitted]
[debug] [2024-12-31T20:05:04.195Z] <<< [apiv2][status] POST https://www.googleapis.com/oauth2/v3/token 200
[debug] [2024-12-31T20:05:04.195Z] <<< [apiv2][body] POST https://www.googleapis.com/oauth2/v3/token [omitted]
[debug] [2024-12-31T20:05:04.229Z] >>> [apiv2][query] POST https://cloudresourcemanager.googleapis.com/v1/projects/anglequest-dev-server:testIamPermissions [none]
[debug] [2024-12-31T20:05:04.229Z] >>> [apiv2][(partial)header] POST https://cloudresourcemanager.googleapis.com/v1/projects/anglequest-dev-server:testIamPermissions x-goog-quota-user=projects/anglequest-dev-server
[debug] [2024-12-31T20:05:04.229Z] >>> [apiv2][body] POST https://cloudresourcemanager.googleapis.com/v1/projects/anglequest-dev-server:testIamPermissions {"permissions":["firebase.projects.get","firebasehosting.sites.update"]}
[debug] [2024-12-31T20:05:04.342Z] <<< [apiv2][status] GET https://firebase-public.firebaseio.com/cli.json 200
[debug] [2024-12-31T20:05:04.342Z] <<< [apiv2][body] GET https://firebase-public.firebaseio.com/cli.json {"cloudBuildErrorAfter":1594252800000,"cloudBuildWarnAfter":1590019200000,"defaultNode10After":1594252800000,"minVersion":"3.0.5","node8DeploysDisabledAfter":1613390400000,"node8RuntimeDisabledAfter":1615809600000,"node8WarnAfter":1600128000000}
[debug] [2024-12-31T20:05:04.804Z] <<< [apiv2][status] POST https://cloudresourcemanager.googleapis.com/v1/projects/anglequest-dev-server:testIamPermissions 200
[debug] [2024-12-31T20:05:04.804Z] <<< [apiv2][body] POST https://cloudresourcemanager.googleapis.com/v1/projects/anglequest-dev-server:testIamPermissions {"permissions":["firebase.projects.get","firebasehosting.sites.update"]}
[debug] [2024-12-31T20:05:04.805Z] Checked if tokens are valid: true, expires at: 1735679103195
[debug] [2024-12-31T20:05:04.805Z] Checked if tokens are valid: true, expires at: 1735679103195
[debug] [2024-12-31T20:05:04.805Z] >>> [apiv2][query] GET https://firebase.googleapis.com/v1beta1/projects/anglequest-dev-server [none]
[debug] [2024-12-31T20:05:05.059Z] <<< [apiv2][status] GET https://firebase.googleapis.com/v1beta1/projects/anglequest-dev-server 200
[debug] [2024-12-31T20:05:05.060Z] <<< [apiv2][body] GET https://firebase.googleapis.com/v1beta1/projects/anglequest-dev-server {"projectId":"anglequest-dev-server","projectNumber":"1095381935987","displayName":"AngleQuest Dev Server","name":"projects/anglequest-dev-server","resources":{"hostingSite":"anglequest-dev-server"},"state":"ACTIVE","etag":"1_ce70144a-d560-4d20-a653-92c67da2d22d"}
[info] 
[info] === Deploying to 'anglequest-dev-server'...
[info] 
[info] i  deploying hosting 
[debug] [2024-12-31T20:05:05.064Z] Checked if tokens are valid: true, expires at: 1735679103195
[debug] [2024-12-31T20:05:05.064Z] Checked if tokens are valid: true, expires at: 1735679103195
[debug] [2024-12-31T20:05:05.065Z] >>> [apiv2][query] POST https://firebasehosting.googleapis.com/v1beta1/projects/-/sites/anglequest-dev-server/versions [none]
[debug] [2024-12-31T20:05:05.065Z] >>> [apiv2][body] POST https://firebasehosting.googleapis.com/v1beta1/projects/-/sites/anglequest-dev-server/versions {"status":"CREATED","labels":{"deployment-tool":"cli-firebase"}}
